INFO [2016-08-30 11:39:12] [[1]]
INFO [2016-08-30 11:39:12] venn_mean_expressed
INFO [2016-08-30 11:39:12] 
INFO [2016-08-30 11:39:12] $filename
INFO [2016-08-30 11:39:12] NULL
INFO [2016-08-30 11:39:12] 
INFO [2016-08-30 11:39:12] $category.names
INFO [2016-08-30 11:39:12] names(venn_mean_expressed)
INFO [2016-08-30 11:39:12] 
INFO [2016-08-30 11:39:12] $name
INFO [2016-08-30 11:39:12] [1] "Top 1000 mean"
INFO [2016-08-30 11:39:12] 
INFO [2016-08-30 11:39:12] [[1]]
INFO [2016-08-30 11:39:12] venn_cv_expressed
INFO [2016-08-30 11:39:12] 
INFO [2016-08-30 11:39:12] $filename
INFO [2016-08-30 11:39:12] NULL
INFO [2016-08-30 11:39:12] 
INFO [2016-08-30 11:39:12] $category.names
INFO [2016-08-30 11:39:12] names(venn_cv_expressed)
INFO [2016-08-30 11:39:12] 
INFO [2016-08-30 11:39:12] $name
INFO [2016-08-30 11:39:12] [1] "Top 1000 CV"
INFO [2016-08-30 11:39:12] 
