INFO [2016-08-29 11:12:36] [[1]]
INFO [2016-08-29 11:12:36] venn_mean_expressed
INFO [2016-08-29 11:12:36] 
INFO [2016-08-29 11:12:36] $filename
INFO [2016-08-29 11:12:36] NULL
INFO [2016-08-29 11:12:36] 
INFO [2016-08-29 11:12:36] $category.names
INFO [2016-08-29 11:12:36] names(venn_mean_expressed)
INFO [2016-08-29 11:12:36] 
INFO [2016-08-29 11:12:36] $name
INFO [2016-08-29 11:12:36] [1] "Top 1000 mean"
INFO [2016-08-29 11:12:36] 
INFO [2016-08-29 11:12:36] [[1]]
INFO [2016-08-29 11:12:36] venn_cv_expressed
INFO [2016-08-29 11:12:36] 
INFO [2016-08-29 11:12:36] $filename
INFO [2016-08-29 11:12:36] NULL
INFO [2016-08-29 11:12:36] 
INFO [2016-08-29 11:12:36] $category.names
INFO [2016-08-29 11:12:36] names(venn_cv_expressed)
INFO [2016-08-29 11:12:36] 
INFO [2016-08-29 11:12:36] $name
INFO [2016-08-29 11:12:36] [1] "Top 1000 CV"
INFO [2016-08-29 11:12:36] 
